Arguments: 
  /usr/local/Cellar/node/9.8.0/bin/node /usr/local/Cellar/yarn/1.5.1_1/libexec/bin/yarn.js install

PATH: 
  /usr/local/opt/php@7.1/bin:/Users/tsingsun/anaconda3/bin:/usr/local/bin:/usr/bin:/bin:/usr/sbin:/sbin:/usr/local/share/dotnet:/Users/tsingsun/Library/Android/sdk/tools:/Users/tsingsun/Library/Android/sdk/platform-tools:/Users/tsingsun/go/bin

Yarn version: 
  1.5.1

Node version: 
  9.8.0

Platform: 
  darwin x64

npm manifest: 
  {
      "name": "yii2-app-basic",
      "version": "0.0.1",
      "dependencies": {
          "jquery": ">=1.11.0",
          "inputmask": ">=3.2.0",
          "punycode": ">=1.3.0",
          "yii2-pjax": ">=2.0.0",
          "bootstrap": "3"
      }
  }

yarn manifest: 
  No manifest

Lockfile: 
  # THIS IS AN AUTOGENERATED FILE. DO NOT EDIT THIS FILE DIRECTLY.
  # yarn lockfile v1
  
  
  inputmask@>=3.2.0:
    version "4.0.0"
    resolved "http://registry.npm.taobao.org/inputmask/download/inputmask-4.0.0.tgz#98d7da2c08208a474badc692c1122edb5580247b"
  
  jquery@>=1.11.0:
    version "3.3.1"
    resolved "http://registry.npm.taobao.org/jquery/download/jquery-3.3.1.tgz#958ce29e81c9790f31be7792df5d4d95fc57fbca"
  
  punycode@>=1.3.0:
    version "2.1.1"
    resolved "http://registry.npm.taobao.org/punycode/download/punycode-2.1.1.tgz#b58b010ac40c22c5657616c8d2c2c02c7bf479ec"
  
  yii2-pjax@>=2.0.0:
    version "2.0.7"
    resolved "http://registry.npm.taobao.org/yii2-pjax/download/yii2-pjax-2.0.7.tgz#fe1f8350aed1c11c6ecdd14dadad03bd8b13b19a"

Trace: 
  Error: https://registry.npm.taobao.org/bootstrap: tunneling socket could not be established, cause=connect EHOSTUNREACH 0.0.4.63:80 - Local (192.168.0.156:62993)
      at ClientRequest.onError (/usr/local/Cellar/yarn/1.5.1_1/libexec/lib/cli.js:146218:17)
      at Object.onceWrapper (events.js:272:13)
      at ClientRequest.emit (events.js:180:13)
      at Socket.socketErrorListener (_http_client.js:394:9)
      at Socket.emit (events.js:180:13)
      at emitErrorNT (internal/streams/destroy.js:64:8)
      at process._tickCallback (internal/process/next_tick.js:114:19)
